<?xml version="1.0" encoding="UTF-8"?>
<!-- Generated by org.testng.reporters.JUnitReportReporter -->
<testsuite hostname="Raluca" name="Model.CustomerTest" tests="3" failures="0" timestamp="19 Apr 2015 18:23:51 GMT" time="0.050" errors="0">
  <testcase name="testSetPassword" time="0.005" classname="Model.CustomerTest"/>
  <testcase name="testSetPhone" time="0.007" classname="Model.CustomerTest"/>
  <testcase name="testSetName" time="0.038" classname="Model.CustomerTest"/>
</testsuite> <!-- Model.CustomerTest -->
