<?xml version="1.0" encoding="UTF-8"?>
<!-- Generated by org.testng.reporters.JUnitReportReporter -->
<testsuite hostname="Raluca" name="Model.OrderTest" tests="2" failures="0" timestamp="19 Apr 2015 17:49:05 GMT" time="0.051" errors="0">
  <testcase name="testStatus" time="0.011" classname="Model.OrderTest"/>
  <testcase name="testReceivedOrderStatus" time="0.040" classname="Model.OrderTest"/>
</testsuite> <!-- Model.OrderTest -->
