<?xml version="1.0" encoding="UTF-8"?>
<!-- Generated by org.testng.reporters.JUnitReportReporter -->
<testsuite hostname="Raluca" name="Model.ProductTest" tests="2" failures="0" timestamp="20 Apr 2015 05:32:44 GMT" time="0.087" errors="0">
  <testcase name="testEquals" time="0.005" classname="Model.ProductTest"/>
  <testcase name="testCompare" time="0.082" classname="Model.ProductTest"/>
</testsuite> <!-- Model.ProductTest -->
